<?xml version="1.0" encoding="UTF-8"?>
<!-- Generated by org.testng.reporters.JUnitXMLReporter -->
<testsuite ignored="0" hostname="Siva-Muniyandi" failures="0" tests="6" name="Default test" time="10.213" errors="0" timestamp="2024-08-05T05:39:02 IST">
  <testcase classname="api.test.DDTests" name="testPostUser" time="2.999"/>
  <testcase classname="api.test.DDTests" name="testPostUser" time="1.167"/>
  <testcase classname="api.test.DDTests" name="testPostUser" time="1.095"/>
  <testcase classname="api.test.DDTests" name="testDeletUserByName" time="1.145"/>
  <testcase classname="api.test.DDTests" name="testDeletUserByName" time="1.098"/>
  <testcase classname="api.test.DDTests" name="testDeletUserByName" time="1.149"/>
</testsuite> <!-- Default test -->
