<?xml version="1.0" encoding="UTF-8"?>
<!-- Generated by org.testng.reporters.JUnitXMLReporter -->
<testsuite ignored="0" hostname="Siva-Muniyandi" failures="0" tests="4" name="PetTest" time="9.91" errors="0" timestamp="2024-08-06T05:14:51 IST">
  <testcase classname="api.test.UserTests2" name="testPostUser" time="3.75"/>
  <testcase classname="api.test.UserTests2" name="testGetUserByName" time="1.188"/>
  <testcase classname="api.test.UserTests2" name="testUpdateUserByName" time="2.291"/>
  <testcase classname="api.test.UserTests2" name="testDeleteUserByName" time="1.172"/>
</testsuite> <!-- PetTest -->
