<?xml version="1.0" encoding="UTF-8"?>
<!-- Generated by org.testng.reporters.JUnitXMLReporter -->
<testsuite ignored="0" hostname="Siva-Muniyandi" failures="0" tests="4" name="PetTest" time="8.507" errors="0" timestamp="2024-08-05T06:42:51 IST">
  <testcase classname="api.test.UserTests2" name="testPostUser" time="2.975"/>
  <testcase classname="api.test.UserTests2" name="testGetUserByName" time="1.116"/>
  <testcase classname="api.test.UserTests2" name="testUpdateUserByName" time="2.227"/>
  <testcase classname="api.test.UserTests2" name="testDeleteUserByName" time="1.117"/>
</testsuite> <!-- PetTest -->
